<?xml version="1.0" encoding="UTF-8"?>
<coverage generated="1624659909770" clover="3.2.0">
  <project timestamp="1624659909771" name="All files">
    <metrics statements="11" coveredstatements="3" conditionals="6" coveredconditionals="0" methods="4" coveredmethods="1" elements="21" coveredelements="4" complexity="0" loc="11" ncloc="11" packages="1" files="1" classes="1"/>
    <file name="project.js" path="/home/rashad/MICROVERSE/JS/Main-todo/src/modules/project.js">
      <metrics statements="11" coveredstatements="3" conditionals="6" coveredconditionals="0" methods="4" coveredmethods="1"/>
      <line num="1" count="1" type="stmt"/>
      <line num="5" count="1" type="stmt"/>
      <line num="6" count="0" type="cond" truecount="0" falsecount="2"/>
      <line num="7" count="0" type="stmt"/>
      <line num="8" count="0" type="cond" truecount="0" falsecount="2"/>
      <line num="9" count="0" type="stmt"/>
      <line num="10" count="0" type="stmt"/>
      <line num="14" count="1" type="stmt"/>
      <line num="15" count="0" type="cond" truecount="0" falsecount="2"/>
      <line num="16" count="0" type="stmt"/>
      <line num="24" count="0" type="stmt"/>
    </file>
  </project>
</coverage>
