<?xml version="1.0" encoding="UTF-8"?>
<coverage generated="1624661192154" clover="3.2.0">
  <project timestamp="1624661192154" name="All files">
    <metrics statements="25" coveredstatements="6" conditionals="12" coveredconditionals="0" methods="7" coveredmethods="2" elements="44" coveredelements="8" complexity="0" loc="25" ncloc="25" packages="1" files="2" classes="2"/>
    <file name="project.js" path="/home/railon/Projects/JavaScript/to-do/src/modules/project.js">
      <metrics statements="11" coveredstatements="3" conditionals="6" coveredconditionals="0" methods="4" coveredmethods="1"/>
      <line num="1" count="1" type="stmt"/>
      <line num="5" count="1" type="stmt"/>
      <line num="6" count="0" type="cond" truecount="0" falsecount="2"/>
      <line num="7" count="0" type="stmt"/>
      <line num="8" count="0" type="cond" truecount="0" falsecount="2"/>
      <line num="9" count="0" type="stmt"/>
      <line num="10" count="0" type="stmt"/>
      <line num="14" count="1" type="stmt"/>
      <line num="15" count="0" type="cond" truecount="0" falsecount="2"/>
      <line num="16" count="0" type="stmt"/>
      <line num="24" count="0" type="stmt"/>
    </file>
    <file name="todo.js" path="/home/railon/Projects/JavaScript/to-do/src/modules/todo.js">
      <metrics statements="14" coveredstatements="3" conditionals="6" coveredconditionals="0" methods="3" coveredmethods="1"/>
      <line num="1" count="1" type="stmt"/>
      <line num="5" count="1" type="stmt"/>
      <line num="6" count="0" type="cond" truecount="0" falsecount="2"/>
      <line num="9" count="0" type="stmt"/>
      <line num="10" count="0" type="stmt"/>
      <line num="11" count="0" type="stmt"/>
      <line num="15" count="1" type="stmt"/>
      <line num="16" count="0" type="cond" truecount="0" falsecount="2"/>
      <line num="19" count="0" type="stmt"/>
      <line num="20" count="0" type="cond" truecount="0" falsecount="2"/>
      <line num="21" count="0" type="stmt"/>
      <line num="22" count="0" type="stmt"/>
      <line num="24" count="0" type="stmt"/>
      <line num="25" count="0" type="stmt"/>
    </file>
  </project>
</coverage>
