{"/home/rashad/MICROVERSE/JS/Main-todo/src/modules/project.js": {"path":"/home/rashad/MICROVERSE/JS/Main-todo/src/modules/project.js","statementMap":{"0":{"start":{"line":1,"column":23},"end":{"line":3,"column":2}},"1":{"start":{"line":1,"column":82},"end":{"line":3,"column":1}},"2":{"start":{"line":5,"column":19},"end":{"line":12,"column":1}},"3":{"start":{"line":6,"column":24},"end":{"line":6,"column":74}},"4":{"start":{"line":7,"column":25},"end":{"line":7,"column":116}},"5":{"start":{"line":8,"column":2},"end":{"line":11,"column":3}},"6":{"start":{"line":8,"column":33},"end":{"line":8,"column":62}},"7":{"start":{"line":9,"column":4},"end":{"line":9,"column":39}},"8":{"start":{"line":10,"column":4},"end":{"line":10,"column":68}},"9":{"start":{"line":14,"column":27},"end":{"line":25,"column":1}},"10":{"start":{"line":15,"column":24},"end":{"line":15,"column":74}},"11":{"start":{"line":16,"column":18},"end":{"line":23,"column":3}},"12":{"start":{"line":24,"column":2},"end":{"line":24,"column":30}}},"fnMap":{"0":{"name":"(anonymous_0)","decl":{"start":{"line":1,"column":23},"end":{"line":1,"column":24}},"loc":{"start":{"line":1,"column":82},"end":{"line":3,"column":1}},"line":1},"1":{"name":"(anonymous_1)","decl":{"start":{"line":5,"column":19},"end":{"line":5,"column":20}},"loc":{"start":{"line":5,"column":25},"end":{"line":12,"column":1}},"line":5},"2":{"name":"(anonymous_2)","decl":{"start":{"line":8,"column":26},"end":{"line":8,"column":27}},"loc":{"start":{"line":8,"column":33},"end":{"line":8,"column":62}},"line":8},"3":{"name":"(anonymous_3)","decl":{"start":{"line":14,"column":27},"end":{"line":14,"column":28}},"loc":{"start":{"line":14,"column":33},"end":{"line":25,"column":1}},"line":14}},"branchMap":{"0":{"loc":{"start":{"line":6,"column":24},"end":{"line":6,"column":74}},"type":"binary-expr","locations":[{"start":{"line":6,"column":24},"end":{"line":6,"column":68}},{"start":{"line":6,"column":72},"end":{"line":6,"column":74}}],"line":6},"1":{"loc":{"start":{"line":8,"column":2},"end":{"line":11,"column":3}},"type":"if","locations":[{"start":{"line":8,"column":2},"end":{"line":11,"column":3}},{"start":{"line":8,"column":2},"end":{"line":11,"column":3}}],"line":8},"2":{"loc":{"start":{"line":15,"column":24},"end":{"line":15,"column":74}},"type":"binary-expr","locations":[{"start":{"line":15,"column":24},"end":{"line":15,"column":68}},{"start":{"line":15,"column":72},"end":{"line":15,"column":74}}],"line":15}},"s":{"0":1,"1":1,"2":1,"3":0,"4":0,"5":0,"6":0,"7":0,"8":0,"9":1,"10":0,"11":0,"12":0},"f":{"0":1,"1":0,"2":0,"3":0},"b":{"0":[0,0],"1":[0,0],"2":[0,0]},"_coverageSchema":"1a1c01bbd47fc00a2c39e90264f33305004495a9","hash":"6ebdee2fefd88198a8890528ffde29ca1655a093"}
}
